

*******************************************************************************
Tue Nov 25 00:06:50 2025


FIT:    data read from file using 6:2
        format = x:z
        #datapoints = 500
        residuals are weighted equally (unit weight)

function used for fitting: f(x)
	f(x) = a/x
fitted parameters initialized with current variable values

iter      chisq       delta/lim  lambda   a            
   0 1.8481180051e+07   0.00e+00  4.03e-03    1.000000e+00
   3 3.9686256527e+06  -5.87e-10  4.03e-06    4.224341e+04

After 3 iterations the fit converged.
final sum of squares of residuals : 3.96863e+06
rel. change during last iteration : -5.86678e-15

degrees of freedom    (FIT_NDF)                        : 499
rms of residuals      (FIT_STDFIT) = sqrt(WSSR/ndf)    : 89.1805
variance of residuals (reduced chisquare) = WSSR/ndf   : 7953.16

Final set of parameters            Asymptotic Standard Error
=======================            ==========================
a               = 42243.4          +/- 988.9        (2.341%)


*******************************************************************************
Tue Nov 25 00:07:53 2025


FIT:    data read from file using 6:2
        format = x:z
        #datapoints = 500
        residuals are weighted equally (unit weight)

function used for fitting: f(x)
	f(x) = a/x
fitted parameters initialized with current variable values

iter      chisq       delta/lim  lambda   a            
   0 1.8481180051e+07   0.00e+00  4.03e-03    1.000000e+00
   3 3.9686256527e+06  -5.87e-10  4.03e-06    4.224341e+04

After 3 iterations the fit converged.
final sum of squares of residuals : 3.96863e+06
rel. change during last iteration : -5.86678e-15

degrees of freedom    (FIT_NDF)                        : 499
rms of residuals      (FIT_STDFIT) = sqrt(WSSR/ndf)    : 89.1805
variance of residuals (reduced chisquare) = WSSR/ndf   : 7953.16

Final set of parameters            Asymptotic Standard Error
=======================            ==========================
a               = 42243.4          +/- 988.9        (2.341%)


*******************************************************************************
Tue Nov 25 00:08:49 2025


FIT:    data read from file using 6:2
        format = x:z
        #datapoints = 500
        residuals are weighted equally (unit weight)

function used for fitting: f(x)
	f(x) = a/x
fitted parameters initialized with current variable values

iter      chisq       delta/lim  lambda   a            
   0 1.8481180051e+07   0.00e+00  4.03e-03    1.000000e+00
   3 3.9686256527e+06  -5.87e-10  4.03e-06    4.224341e+04

After 3 iterations the fit converged.
final sum of squares of residuals : 3.96863e+06
rel. change during last iteration : -5.86678e-15

degrees of freedom    (FIT_NDF)                        : 499
rms of residuals      (FIT_STDFIT) = sqrt(WSSR/ndf)    : 89.1805
variance of residuals (reduced chisquare) = WSSR/ndf   : 7953.16

Final set of parameters            Asymptotic Standard Error
=======================            ==========================
a               = 42243.4          +/- 988.9        (2.341%)


*******************************************************************************
Tue Nov 25 00:13:23 2025


FIT:    data read from file using 6:2
        format = x:z
        #datapoints = 500
        residuals are weighted equally (unit weight)

function used for fitting: f(x)
	f(x) = a/x
fitted parameters initialized with current variable values

iter      chisq       delta/lim  lambda   a            
   0 1.8481180051e+07   0.00e+00  4.03e-03    1.000000e+00
   3 3.9686256527e+06  -5.87e-10  4.03e-06    4.224341e+04

After 3 iterations the fit converged.
final sum of squares of residuals : 3.96863e+06
rel. change during last iteration : -5.86678e-15

degrees of freedom    (FIT_NDF)                        : 499
rms of residuals      (FIT_STDFIT) = sqrt(WSSR/ndf)    : 89.1805
variance of residuals (reduced chisquare) = WSSR/ndf   : 7953.16

Final set of parameters            Asymptotic Standard Error
=======================            ==========================
a               = 42243.4          +/- 988.9        (2.341%)


*******************************************************************************
Tue Nov 25 00:14:03 2025


FIT:    data read from file using 6:2
        format = x:z
        #datapoints = 500
        residuals are weighted equally (unit weight)

function used for fitting: f(x)
	f(x) = a/x
fitted parameters initialized with current variable values

iter      chisq       delta/lim  lambda   a            
   0 1.8481180051e+07   0.00e+00  4.03e-03    1.000000e+00
   3 3.9686256527e+06  -5.87e-10  4.03e-06    4.224341e+04

After 3 iterations the fit converged.
final sum of squares of residuals : 3.96863e+06
rel. change during last iteration : -5.86678e-15

degrees of freedom    (FIT_NDF)                        : 499
rms of residuals      (FIT_STDFIT) = sqrt(WSSR/ndf)    : 89.1805
variance of residuals (reduced chisquare) = WSSR/ndf   : 7953.16

Final set of parameters            Asymptotic Standard Error
=======================            ==========================
a               = 42243.4          +/- 988.9        (2.341%)


*******************************************************************************
Tue Nov 25 00:47:36 2025


FIT:    data read from file using 6:2
        format = x:z
        #datapoints = 500
        residuals are weighted equally (unit weight)

function used for fitting: f(x)
	f(x) = a/x
fitted parameters initialized with current variable values

iter      chisq       delta/lim  lambda   a            
   0 1.8481180051e+07   0.00e+00  4.03e-03    1.000000e+00
   3 3.9686256527e+06  -5.87e-10  4.03e-06    4.224341e+04

After 3 iterations the fit converged.
final sum of squares of residuals : 3.96863e+06
rel. change during last iteration : -5.86678e-15

degrees of freedom    (FIT_NDF)                        : 499
rms of residuals      (FIT_STDFIT) = sqrt(WSSR/ndf)    : 89.1805
variance of residuals (reduced chisquare) = WSSR/ndf   : 7953.16

Final set of parameters            Asymptotic Standard Error
=======================            ==========================
a               = 42243.4          +/- 988.9        (2.341%)


*******************************************************************************
Tue Nov 25 00:51:49 2025


FIT:    data read from "gas_cont_1.dat" using 6:(($2+$3+$4+$5)/4.0)
        format = x:z
        #datapoints = 500
        residuals are weighted equally (unit weight)

function used for fitting: f(x)
	f(x) = a/x
fitted parameters initialized with current variable values

iter      chisq       delta/lim  lambda   a            
   0 1.8584409500e+07   0.00e+00  4.03e-03    1.000000e+00
   3 4.0946170774e+06  -5.69e-10  4.03e-06    4.221027e+04

After 3 iterations the fit converged.
final sum of squares of residuals : 4.09462e+06
rel. change during last iteration : -5.68626e-15

degrees of freedom    (FIT_NDF)                        : 499
rms of residuals      (FIT_STDFIT) = sqrt(WSSR/ndf)    : 90.585
variance of residuals (reduced chisquare) = WSSR/ndf   : 8205.65

Final set of parameters            Asymptotic Standard Error
=======================            ==========================
a               = 42210.3          +/- 1004         (2.38%)


*******************************************************************************
Tue Nov 25 00:51:59 2025


FIT:    data read from "gas_cont_1.dat" using 6:(($2+$3+$4+$5)/4.0)
        format = x:z
        #datapoints = 500
        residuals are weighted equally (unit weight)

function used for fitting: f(x)
	f(x) = a/x
fitted parameters initialized with current variable values

iter      chisq       delta/lim  lambda   a            
   0 1.8584409500e+07   0.00e+00  4.03e-03    1.000000e+00
   3 4.0946170774e+06  -5.69e-10  4.03e-06    4.221027e+04

After 3 iterations the fit converged.
final sum of squares of residuals : 4.09462e+06
rel. change during last iteration : -5.68626e-15

degrees of freedom    (FIT_NDF)                        : 499
rms of residuals      (FIT_STDFIT) = sqrt(WSSR/ndf)    : 90.585
variance of residuals (reduced chisquare) = WSSR/ndf   : 8205.65

Final set of parameters            Asymptotic Standard Error
=======================            ==========================
a               = 42210.3          +/- 1004         (2.38%)


*******************************************************************************
Tue Nov 25 01:23:54 2025


FIT:    data read from input using 6:(($2+$3+$4+$5)/4.0)
        format = x:z
        #datapoints = 200
        residuals are weighted equally (unit weight)

function used for fitting: f(x)
	f(x) = a/x
fitted parameters initialized with current variable values

iter      chisq       delta/lim  lambda   a            
   0 4.2259301252e+07   0.00e+00  3.63e-02    1.000000e+00
   3 6.7697988962e+05  -3.80e-07  3.63e-05    1.255540e+04

After 3 iterations the fit converged.
final sum of squares of residuals : 676980
rel. change during last iteration : -3.80038e-12

degrees of freedom    (FIT_NDF)                        : 199
rms of residuals      (FIT_STDFIT) = sqrt(WSSR/ndf)    : 58.3259
variance of residuals (reduced chisquare) = WSSR/ndf   : 3401.91

Final set of parameters            Asymptotic Standard Error
=======================            ==========================
a               = 12555.4          +/- 113.6        (0.9044%)
